# JRE version: OpenJDK Runtime Environment (11.0.3+12) (build 11.0.3+12-b304.56)
# Java VM: OpenJDK 64-Bit Server VM (11.0.3+12-b304.56, mixed mode, sharing, tiered, compressed oops, g1 gc, windows-amd64)
Heap:
 garbage-first heap   total 155648K, used 66859K [0x0000000083000000, 0x0000000100000000)
  region size 1024K, 44 young (45056K), 5 survivors (5120K)
 Metaspace       used 58787K, capacity 60240K, committed 60464K, reserved 1101824K
  class space    used 7657K, capacity 8254K, committed 8320K, reserved 1048576K
GC Heap History (10 events):
Event: 18503.989 GC heap before
{Heap before GC invocations=15 (full 0):
 garbage-first heap   total 155648K, used 115615K [0x0000000083000000, 0x0000000100000000)
  region size 1024K, 91 young (93184K), 5 survivors (5120K)
 Metaspace       used 58566K, capacity 60048K, committed 60208K, reserved 1101824K
  class space    used 7657K, capacity 8254K, committed 8320K, reserved 1048576K
}
Event: 18504.107 GC heap after
{Heap after GC invocations=16 (full 0):
 garbage-first heap   total 155648K, used 27855K [0x0000000083000000, 0x0000000100000000)
  region size 1024K, 5 young (5120K), 5 survivors (5120K)
 Metaspace       used 58566K, capacity 60048K, committed 60208K, reserved 1101824K
  class space    used 7657K, capacity 8254K, committed 8320K, reserved 1048576K
}
Event: 24397.764 GC heap before
{Heap before GC invocations=16 (full 0):
 garbage-first heap   total 155648K, used 115919K [0x0000000083000000, 0x0000000100000000)
  region size 1024K, 91 young (93184K), 5 survivors (5120K)
 Metaspace       used 58625K, capacity 60112K, committed 60208K, reserved 1101824K
  class space    used 7657K, capacity 8254K, committed 8320K, reserved 1048576K
}
Event: 24397.838 GC heap after
{Heap after GC invocations=17 (full 0):
 garbage-first heap   total 155648K, used 27820K [0x0000000083000000, 0x0000000100000000)
  region size 1024K, 5 young (5120K), 5 survivors (5120K)
 Metaspace       used 58625K, capacity 60112K, committed 60208K, reserved 1101824K
  class space    used 7657K, capacity 8254K, committed 8320K, reserved 1048576K
}
Event: 30217.482 GC heap before
{Heap before GC invocations=17 (full 0):
 garbage-first heap   total 155648K, used 115884K [0x0000000083000000, 0x0000000100000000)
  region size 1024K, 91 young (93184K), 5 survivors (5120K)
 Metaspace       used 58638K, capacity 60112K, committed 60208K, reserved 1101824K
  class space    used 7657K, capacity 8254K, committed 8320K, reserved 1048576K
}
Event: 30217.561 GC heap after
{Heap after GC invocations=18 (full 0):
 garbage-first heap   total 155648K, used 27947K [0x0000000083000000, 0x0000000100000000)
  region size 1024K, 5 young (5120K), 5 survivors (5120K)
 Metaspace       used 58638K, capacity 60112K, committed 60208K, reserved 1101824K
  class space    used 7657K, capacity 8254K, committed 8320K, reserved 1048576K
}
Event: 36073.037 GC heap before
{Heap before GC invocations=18 (full 0):
 garbage-first heap   total 155648K, used 116011K [0x0000000083000000, 0x0000000100000000)
  region size 1024K, 91 young (93184K), 5 survivors (5120K)
 Metaspace       used 58683K, capacity 60112K, committed 60208K, reserved 1101824K
  class space    used 7657K, capacity 8254K, committed 8320K, reserved 1048576K
}
Event: 36073.124 GC heap after
{Heap after GC invocations=19 (full 0):
 garbage-first heap   total 155648K, used 27937K [0x0000000083000000, 0x0000000100000000)
  region size 1024K, 5 young (5120K), 5 survivors (5120K)
 Metaspace       used 58683K, capacity 60112K, committed 60208K, reserved 1101824K
  class space    used 7657K, capacity 8254K, committed 8320K, reserved 1048576K
}
Event: 41875.004 GC heap before
{Heap before GC invocations=19 (full 0):
 garbage-first heap   total 155648K, used 116001K [0x0000000083000000, 0x0000000100000000)
  region size 1024K, 91 young (93184K), 5 survivors (5120K)
 Metaspace       used 58718K, capacity 60176K, committed 60464K, reserved 1101824K
  class space    used 7657K, capacity 8254K, committed 8320K, reserved 1048576K
}
Event: 41875.100 GC heap after
{Heap after GC invocations=20 (full 0):
 garbage-first heap   total 155648K, used 27947K [0x0000000083000000, 0x0000000100000000)
  region size 1024K, 5 young (5120K), 5 survivors (5120K)
 Metaspace       used 58718K, capacity 60176K, committed 60464K, reserved 1101824K
  class space    used 7657K, capacity 8254K, committed 8320K, reserved 1048576K
}

